2023.04.04 20:31:24 INFO  Started: Metals version 0.11.11 in workspace '/home/kiptoo/Desktop/Julia' for client Visual Studio Code 1.77.0.
SLF4J: No SLF4J providers were found.
SLF4J: Defaulting to no-operation (NOP) logger implementation
SLF4J: See https://www.slf4j.org/codes.html#noProviders for further details.
SLF4J: Class path contains SLF4J bindings targeting slf4j-api versions 1.7.x or earlier.
SLF4J: Ignoring binding found at [jar:file:/home/kiptoo/.cache/coursier/v1/https/repo1.maven.org/maven2/com/outr/scribe-slf4j_2.13/3.11.0/scribe-slf4j_2.13-3.11.0.jar!/org/slf4j/impl/StaticLoggerBinder.class]
SLF4J: See https://www.slf4j.org/codes.html#ignoredBindings for an explanation.
2023.04.04 20:31:27 INFO  time: initialize in 3.05s
2023.04.04 20:31:33 WARN  Build server is not auto-connectable.
2023.04.04 20:31:33 WARN  no build tool detected in workspace '/home/kiptoo/Desktop/Julia'. The most common cause for this problem is that the editor was opened in the wrong working directory, for example if you use sbt then the workspace directory should contain build.sbt. 
Apr 04, 2023 8:34:24 PM org.eclipse.lsp4j.jsonrpc.services.GenericEndpoint notify
INFO: Unsupported notification method: $/setTrace
2023.04.04 21:36:59 INFO  Shutting down server
2023.04.04 21:36:59 INFO  shutting down Metals
2023.04.04 21:36:59 INFO  Exiting server
2023.04.05 15:25:14 INFO  Started: Metals version 0.11.11 in workspace '/home/kiptoo/Desktop/Julia' for client Visual Studio Code 1.77.0.
SLF4J: No SLF4J providers were found.
SLF4J: Defaulting to no-operation (NOP) logger implementation
SLF4J: See https://www.slf4j.org/codes.html#noProviders for further details.
SLF4J: Class path contains SLF4J bindings targeting slf4j-api versions 1.7.x or earlier.
SLF4J: Ignoring binding found at [jar:file:/home/kiptoo/.cache/coursier/v1/https/repo1.maven.org/maven2/com/outr/scribe-slf4j_2.13/3.11.0/scribe-slf4j_2.13-3.11.0.jar!/org/slf4j/impl/StaticLoggerBinder.class]
SLF4J: See https://www.slf4j.org/codes.html#ignoredBindings for an explanation.
2023.04.05 15:25:16 INFO  time: initialize in 2.14s
2023.04.05 15:25:19 WARN  Build server is not auto-connectable.
2023.04.05 15:25:19 WARN  no build tool detected in workspace '/home/kiptoo/Desktop/Julia'. The most common cause for this problem is that the editor was opened in the wrong working directory, for example if you use sbt then the workspace directory should contain build.sbt. 
2023.04.05 18:13:00 INFO  Shutting down server
2023.04.05 18:13:00 INFO  shutting down Metals
